2016-04-27 22:33:32:  start to sync now
2016-04-27 22:33:33: /Users/ArvinYu/git/ywriter/yuyandong.github.io/1-case.html updated
2016-04-27 22:33:33: /Users/ArvinYu/git/ywriter/yuyandong.github.io/14607321868331.html updated
2016-04-27 22:33:33: /Users/ArvinYu/git/ywriter/yuyandong.github.io/about.html updated
2016-04-27 22:33:33: /Users/ArvinYu/git/ywriter/yuyandong.github.io/accident.html updated
2016-04-27 22:33:33: /Users/ArvinYu/git/ywriter/yuyandong.github.io/all.html updated
2016-04-27 22:33:33: /Users/ArvinYu/git/ywriter/yuyandong.github.io/all_1.html updated
2016-04-27 22:33:33: /Users/ArvinYu/git/ywriter/yuyandong.github.io/all_10.html updated
2016-04-27 22:33:33: /Users/ArvinYu/git/ywriter/yuyandong.github.io/all_11.html updated
2016-04-27 22:33:33: /Users/ArvinYu/git/ywriter/yuyandong.github.io/all_12.html updated
2016-04-27 22:33:33: /Users/ArvinYu/git/ywriter/yuyandong.github.io/all_13.html updated
2016-04-27 22:33:33: /Users/ArvinYu/git/ywriter/yuyandong.github.io/all_2.html updated
2016-04-27 22:33:33: /Users/ArvinYu/git/ywriter/yuyandong.github.io/all_3.html updated
2016-04-27 22:33:33: /Users/ArvinYu/git/ywriter/yuyandong.github.io/all_4.html updated
2016-04-27 22:33:33: /Users/ArvinYu/git/ywriter/yuyandong.github.io/all_5.html updated
2016-04-27 22:33:33: /Users/ArvinYu/git/ywriter/yuyandong.github.io/all_6.html updated
2016-04-27 22:33:33: /Users/ArvinYu/git/ywriter/yuyandong.github.io/all_7.html updated
2016-04-27 22:33:33: /Users/ArvinYu/git/ywriter/yuyandong.github.io/all_8.html updated
2016-04-27 22:33:33: /Users/ArvinYu/git/ywriter/yuyandong.github.io/all_9.html updated
2016-04-27 22:33:33: /Users/ArvinYu/git/ywriter/yuyandong.github.io/archives.html updated
2016-04-27 22:33:33: /Users/ArvinYu/git/ywriter/yuyandong.github.io/atom.xml updated
2016-04-27 22:33:33: /Users/ArvinYu/git/ywriter/yuyandong.github.io/benefit-experience.html updated
2016-04-27 22:33:33: /Users/ArvinYu/git/ywriter/yuyandong.github.io/check.html updated
2016-04-27 22:33:33: /Users/ArvinYu/git/ywriter/yuyandong.github.io/CNAME updated
2016-04-27 22:33:33: /Users/ArvinYu/git/ywriter/yuyandong.github.io/double-spell.html updated
2016-04-27 22:33:33: /Users/ArvinYu/git/ywriter/yuyandong.github.io/embrace_uncertainty.html updated
2016-04-27 22:33:33: /Users/ArvinYu/git/ywriter/yuyandong.github.io/executives.html updated
2016-04-27 22:33:33: /Users/ArvinYu/git/ywriter/yuyandong.github.io/find-new-career-path.html updated
2016-04-27 22:33:33: /Users/ArvinYu/git/ywriter/yuyandong.github.io/for_wooper.html updated
2016-04-27 22:33:33: /Users/ArvinYu/git/ywriter/yuyandong.github.io/growth-funny-and-happy.html updated
2016-04-27 22:33:33: /Users/ArvinYu/git/ywriter/yuyandong.github.io/hire_life.html updated
2016-04-27 22:33:33: /Users/ArvinYu/git/ywriter/yuyandong.github.io/hiring.html updated
2016-04-27 22:33:33: /Users/ArvinYu/git/ywriter/yuyandong.github.io/hiring_1.html updated
2016-04-27 22:33:33: /Users/ArvinYu/git/ywriter/yuyandong.github.io/hiring_2.html updated
2016-04-27 22:33:33: /Users/ArvinYu/git/ywriter/yuyandong.github.io/hiring_3.html updated
2016-04-27 22:33:33: /Users/ArvinYu/git/ywriter/yuyandong.github.io/hiring_4.html updated
2016-04-27 22:33:33: /Users/ArvinYu/git/ywriter/yuyandong.github.io/HongBao-story.html updated
2016-04-27 22:33:33: /Users/ArvinYu/git/ywriter/yuyandong.github.io/house001.html updated
2016-04-27 22:33:33: /Users/ArvinYu/git/ywriter/yuyandong.github.io/index.html updated
2016-04-27 22:33:33: /Users/ArvinYu/git/ywriter/yuyandong.github.io/internal_recommend.html updated
2016-04-27 22:33:33: /Users/ArvinYu/git/ywriter/yuyandong.github.io/internal_recruitment.html updated
2016-04-27 22:33:33: /Users/ArvinYu/git/ywriter/yuyandong.github.io/interview_together.html updated
2016-04-27 22:33:33: /Users/ArvinYu/git/ywriter/yuyandong.github.io/introduction.html updated
2016-04-27 22:33:33: /Users/ArvinYu/git/ywriter/yuyandong.github.io/IT.html updated
2016-04-27 22:33:33: /Users/ArvinYu/git/ywriter/yuyandong.github.io/IT_1.html updated
2016-04-27 22:33:33: /Users/ArvinYu/git/ywriter/yuyandong.github.io/new-workflowy-style.html updated
2016-04-27 22:33:33: /Users/ArvinYu/git/ywriter/yuyandong.github.io/notes.html updated
2016-04-27 22:33:33: /Users/ArvinYu/git/ywriter/yuyandong.github.io/OpenRecruit.html updated
2016-04-27 22:33:33: /Users/ArvinYu/git/ywriter/yuyandong.github.io/OpenRecruit_1.html updated
2016-04-27 22:33:33: /Users/ArvinYu/git/ywriter/yuyandong.github.io/OpenRecruit_2.html updated
2016-04-27 22:33:33: /Users/ArvinYu/git/ywriter/yuyandong.github.io/OpenRecruit_3.html updated
2016-04-27 22:33:33: /Users/ArvinYu/git/ywriter/yuyandong.github.io/openrecruit_series_1.html updated
2016-04-27 22:33:33: /Users/ArvinYu/git/ywriter/yuyandong.github.io/openrecruit_series_2.html updated
2016-04-27 22:33:33: /Users/ArvinYu/git/ywriter/yuyandong.github.io/persuade-interviewer.html updated
2016-04-27 22:33:33: /Users/ArvinYu/git/ywriter/yuyandong.github.io/README.md updated
2016-04-27 22:33:33: /Users/ArvinYu/git/ywriter/yuyandong.github.io/sitemap.xml updated
2016-04-27 22:33:33: /Users/ArvinYu/git/ywriter/yuyandong.github.io/slide-picture.html updated
2016-04-27 22:33:33: /Users/ArvinYu/git/ywriter/yuyandong.github.io/some-guide-for-interview.html updated
2016-04-27 22:33:33: /Users/ArvinYu/git/ywriter/yuyandong.github.io/surrounding_with_best.html updated
2016-04-27 22:33:33: /Users/ArvinYu/git/ywriter/yuyandong.github.io/sweet-hire.html updated
2016-04-27 22:33:33: /Users/ArvinYu/git/ywriter/yuyandong.github.io/sync_hook.script updated
2016-04-27 22:33:33: /Users/ArvinYu/git/ywriter/yuyandong.github.io/test.html updated
2016-04-27 22:33:33: /Users/ArvinYu/git/ywriter/yuyandong.github.io/understand-business.html updated
2016-04-27 22:33:33: /Users/ArvinYu/git/ywriter/yuyandong.github.io/update-blog.html updated
2016-04-27 22:33:33: /Users/ArvinYu/git/ywriter/yuyandong.github.io/asset updated
2016-04-27 22:33:33: /Users/ArvinYu/git/ywriter/yuyandong.github.io/media updated
2016-04-27 22:33:33: /Users/ArvinYu/git/ywriter/yuyandong.github.io/asset/humans.txt updated
2016-04-27 22:33:33: /Users/ArvinYu/git/ywriter/yuyandong.github.io/asset/robots.txt updated
2016-04-27 22:33:33: /Users/ArvinYu/git/ywriter/yuyandong.github.io/asset/chart updated
2016-04-27 22:33:33: /Users/ArvinYu/git/ywriter/yuyandong.github.io/asset/css updated
2016-04-27 22:33:33: /Users/ArvinYu/git/ywriter/yuyandong.github.io/asset/highlightjs updated
2016-04-27 22:33:33: /Users/ArvinYu/git/ywriter/yuyandong.github.io/asset/img updated
2016-04-27 22:33:33: /Users/ArvinYu/git/ywriter/yuyandong.github.io/asset/js updated
2016-04-27 22:33:33: /Users/ArvinYu/git/ywriter/yuyandong.github.io/asset/chart/all-min.js updated
2016-04-27 22:33:33: /Users/ArvinYu/git/ywriter/yuyandong.github.io/asset/css/docs.css updated
2016-04-27 22:33:33: /Users/ArvinYu/git/ywriter/yuyandong.github.io/asset/css/foundation.css updated
2016-04-27 22:33:33: /Users/ArvinYu/git/ywriter/yuyandong.github.io/asset/css/foundation.min.css updated
2016-04-27 22:33:33: /Users/ArvinYu/git/ywriter/yuyandong.github.io/asset/css/normalize.css updated
2016-04-27 22:33:33: /Users/ArvinYu/git/ywriter/yuyandong.github.io/asset/highlightjs/highlight.pack.js updated
2016-04-27 22:33:33: /Users/ArvinYu/git/ywriter/yuyandong.github.io/asset/highlightjs/LICENSE updated
2016-04-27 22:33:33: /Users/ArvinYu/git/ywriter/yuyandong.github.io/asset/highlightjs/styles updated
2016-04-27 22:33:33: /Users/ArvinYu/git/ywriter/yuyandong.github.io/asset/highlightjs/styles/arta.css updated
2016-04-27 22:33:33: /Users/ArvinYu/git/ywriter/yuyandong.github.io/asset/highlightjs/styles/ascetic.css updated
2016-04-27 22:33:33: /Users/ArvinYu/git/ywriter/yuyandong.github.io/asset/highlightjs/styles/atelier-dune.dark.css updated
2016-04-27 22:33:33: /Users/ArvinYu/git/ywriter/yuyandong.github.io/asset/highlightjs/styles/atelier-dune.light.css updated
2016-04-27 22:33:33: /Users/ArvinYu/git/ywriter/yuyandong.github.io/asset/highlightjs/styles/atelier-forest.dark.css updated
2016-04-27 22:33:33: /Users/ArvinYu/git/ywriter/yuyandong.github.io/asset/highlightjs/styles/atelier-forest.light.css updated
2016-04-27 22:33:33: /Users/ArvinYu/git/ywriter/yuyandong.github.io/asset/highlightjs/styles/atelier-heath.dark.css updated
2016-04-27 22:33:33: /Users/ArvinYu/git/ywriter/yuyandong.github.io/asset/highlightjs/styles/atelier-heath.light.css updated
2016-04-27 22:33:33: /Users/ArvinYu/git/ywriter/yuyandong.github.io/asset/highlightjs/styles/atelier-lakeside.dark.css updated
2016-04-27 22:33:33: /Users/ArvinYu/git/ywriter/yuyandong.github.io/asset/highlightjs/styles/atelier-lakeside.light.css updated
2016-04-27 22:33:33: /Users/ArvinYu/git/ywriter/yuyandong.github.io/asset/highlightjs/styles/atelier-seaside.dark.css updated
2016-04-27 22:33:33: /Users/ArvinYu/git/ywriter/yuyandong.github.io/asset/highlightjs/styles/atelier-seaside.light.css updated
2016-04-27 22:33:33: /Users/ArvinYu/git/ywriter/yuyandong.github.io/asset/highlightjs/styles/brown_paper.css updated
2016-04-27 22:33:33: /Users/ArvinYu/git/ywriter/yuyandong.github.io/asset/highlightjs/styles/brown_papersq.png updated
2016-04-27 22:33:33: /Users/ArvinYu/git/ywriter/yuyandong.github.io/asset/highlightjs/styles/codepen-embed.css updated
2016-04-27 22:33:33: /Users/ArvinYu/git/ywriter/yuyandong.github.io/asset/highlightjs/styles/color-brewer.css updated
2016-04-27 22:33:33: /Users/ArvinYu/git/ywriter/yuyandong.github.io/asset/highlightjs/styles/dark.css updated
2016-04-27 22:33:33: /Users/ArvinYu/git/ywriter/yuyandong.github.io/asset/highlightjs/styles/default.css updated
2016-04-27 22:33:33: /Users/ArvinYu/git/ywriter/yuyandong.github.io/asset/highlightjs/styles/docco.css updated
2016-04-27 22:33:33: /Users/ArvinYu/git/ywriter/yuyandong.github.io/asset/highlightjs/styles/far.css updated
2016-04-27 22:33:33: /Users/ArvinYu/git/ywriter/yuyandong.github.io/asset/highlightjs/styles/foundation.css updated
2016-04-27 22:33:33: /Users/ArvinYu/git/ywriter/yuyandong.github.io/asset/highlightjs/styles/github.css updated
2016-04-27 22:33:33: /Users/ArvinYu/git/ywriter/yuyandong.github.io/asset/highlightjs/styles/googlecode.css updated
2016-04-27 22:33:33: /Users/ArvinYu/git/ywriter/yuyandong.github.io/asset/highlightjs/styles/hybrid.css updated
2016-04-27 22:33:33: /Users/ArvinYu/git/ywriter/yuyandong.github.io/asset/highlightjs/styles/idea.css updated
2016-04-27 22:33:33: /Users/ArvinYu/git/ywriter/yuyandong.github.io/asset/highlightjs/styles/ir_black.css updated
2016-04-27 22:33:33: /Users/ArvinYu/git/ywriter/yuyandong.github.io/asset/highlightjs/styles/kimbie.dark.css updated
2016-04-27 22:33:33: /Users/ArvinYu/git/ywriter/yuyandong.github.io/asset/highlightjs/styles/kimbie.light.css updated
2016-04-27 22:33:33: /Users/ArvinYu/git/ywriter/yuyandong.github.io/asset/highlightjs/styles/magula.css updated
2016-04-27 22:33:33: /Users/ArvinYu/git/ywriter/yuyandong.github.io/asset/highlightjs/styles/mono-blue.css updated
2016-04-27 22:33:33: /Users/ArvinYu/git/ywriter/yuyandong.github.io/asset/highlightjs/styles/monokai.css updated
2016-04-27 22:33:33: /Users/ArvinYu/git/ywriter/yuyandong.github.io/asset/highlightjs/styles/monokai_sublime.css updated
2016-04-27 22:33:33: /Users/ArvinYu/git/ywriter/yuyandong.github.io/asset/highlightjs/styles/obsidian.css updated
2016-04-27 22:33:33: /Users/ArvinYu/git/ywriter/yuyandong.github.io/asset/highlightjs/styles/paraiso.dark.css updated
2016-04-27 22:33:33: /Users/ArvinYu/git/ywriter/yuyandong.github.io/asset/highlightjs/styles/paraiso.light.css updated
2016-04-27 22:33:33: /Users/ArvinYu/git/ywriter/yuyandong.github.io/asset/highlightjs/styles/pojoaque.css updated
2016-04-27 22:33:33: /Users/ArvinYu/git/ywriter/yuyandong.github.io/asset/highlightjs/styles/pojoaque.jpg updated
2016-04-27 22:33:33: /Users/ArvinYu/git/ywriter/yuyandong.github.io/asset/highlightjs/styles/railscasts.css updated
2016-04-27 22:33:33: /Users/ArvinYu/git/ywriter/yuyandong.github.io/asset/highlightjs/styles/rainbow.css updated
2016-04-27 22:33:33: /Users/ArvinYu/git/ywriter/yuyandong.github.io/asset/highlightjs/styles/school_book.css updated
2016-04-27 22:33:33: /Users/ArvinYu/git/ywriter/yuyandong.github.io/asset/highlightjs/styles/school_book.png updated
2016-04-27 22:33:33: /Users/ArvinYu/git/ywriter/yuyandong.github.io/asset/highlightjs/styles/solarized_dark.css updated
2016-04-27 22:33:33: /Users/ArvinYu/git/ywriter/yuyandong.github.io/asset/highlightjs/styles/solarized_light.css updated
2016-04-27 22:33:33: /Users/ArvinYu/git/ywriter/yuyandong.github.io/asset/highlightjs/styles/sunburst.css updated
2016-04-27 22:33:33: /Users/ArvinYu/git/ywriter/yuyandong.github.io/asset/highlightjs/styles/tomorrow-night-blue.css updated
2016-04-27 22:33:33: /Users/ArvinYu/git/ywriter/yuyandong.github.io/asset/highlightjs/styles/tomorrow-night-bright.css updated
2016-04-27 22:33:33: /Users/ArvinYu/git/ywriter/yuyandong.github.io/asset/highlightjs/styles/tomorrow-night-eighties.css updated
2016-04-27 22:33:33: /Users/ArvinYu/git/ywriter/yuyandong.github.io/asset/highlightjs/styles/tomorrow-night.css updated
2016-04-27 22:33:33: /Users/ArvinYu/git/ywriter/yuyandong.github.io/asset/highlightjs/styles/tomorrow.css updated
2016-04-27 22:33:33: /Users/ArvinYu/git/ywriter/yuyandong.github.io/asset/highlightjs/styles/vs.css updated
2016-04-27 22:33:33: /Users/ArvinYu/git/ywriter/yuyandong.github.io/asset/highlightjs/styles/xcode.css updated
2016-04-27 22:33:33: /Users/ArvinYu/git/ywriter/yuyandong.github.io/asset/highlightjs/styles/zenburn.css updated
2016-04-27 22:33:33: /Users/ArvinYu/git/ywriter/yuyandong.github.io/asset/img/icon.jpg updated
2016-04-27 22:33:33: /Users/ArvinYu/git/ywriter/yuyandong.github.io/asset/img/social updated
2016-04-27 22:33:33: /Users/ArvinYu/git/ywriter/yuyandong.github.io/asset/img/social/behance.png updated
2016-04-27 22:33:33: /Users/ArvinYu/git/ywriter/yuyandong.github.io/asset/img/social/coderwall.png updated
2016-04-27 22:33:33: /Users/ArvinYu/git/ywriter/yuyandong.github.io/asset/img/social/delicious.png updated
2016-04-27 22:33:33: /Users/ArvinYu/git/ywriter/yuyandong.github.io/asset/img/social/douban.png updated
2016-04-27 22:33:33: /Users/ArvinYu/git/ywriter/yuyandong.github.io/asset/img/social/email.png updated
2016-04-27 22:33:33: /Users/ArvinYu/git/ywriter/yuyandong.github.io/asset/img/social/facebook.png updated
2016-04-27 22:33:33: /Users/ArvinYu/git/ywriter/yuyandong.github.io/asset/img/social/github.png updated
2016-04-27 22:33:33: /Users/ArvinYu/git/ywriter/yuyandong.github.io/asset/img/social/google.png updated
2016-04-27 22:33:33: /Users/ArvinYu/git/ywriter/yuyandong.github.io/asset/img/social/instagram.png updated
2016-04-27 22:33:33: /Users/ArvinYu/git/ywriter/yuyandong.github.io/asset/img/social/linkedin.png updated
2016-04-27 22:33:33: /Users/ArvinYu/git/ywriter/yuyandong.github.io/asset/img/social/pinboard.png updated
2016-04-27 22:33:33: /Users/ArvinYu/git/ywriter/yuyandong.github.io/asset/img/social/pinterest.png updated
2016-04-27 22:33:33: /Users/ArvinYu/git/ywriter/yuyandong.github.io/asset/img/social/quora.png updated
2016-04-27 22:33:33: /Users/ArvinYu/git/ywriter/yuyandong.github.io/asset/img/social/rss.png updated
2016-04-27 22:33:33: /Users/ArvinYu/git/ywriter/yuyandong.github.io/asset/img/social/stackoverflow.png updated
2016-04-27 22:33:33: /Users/ArvinYu/git/ywriter/yuyandong.github.io/asset/img/social/twitter.png updated
2016-04-27 22:33:33: /Users/ArvinYu/git/ywriter/yuyandong.github.io/asset/img/social/weibo.png updated
2016-04-27 22:33:33: /Users/ArvinYu/git/ywriter/yuyandong.github.io/asset/img/social/weibo60.png updated
2016-04-27 22:33:33: /Users/ArvinYu/git/ywriter/yuyandong.github.io/asset/js/foundation.min.js updated
2016-04-27 22:33:33: /Users/ArvinYu/git/ywriter/yuyandong.github.io/asset/js/foundation updated
2016-04-27 22:33:33: /Users/ArvinYu/git/ywriter/yuyandong.github.io/asset/js/vendor updated
2016-04-27 22:33:33: /Users/ArvinYu/git/ywriter/yuyandong.github.io/asset/js/foundation/foundation.abide.js updated
2016-04-27 22:33:33: /Users/ArvinYu/git/ywriter/yuyandong.github.io/asset/js/foundation/foundation.accordion.js updated
2016-04-27 22:33:33: /Users/ArvinYu/git/ywriter/yuyandong.github.io/asset/js/foundation/foundation.alert.js updated
2016-04-27 22:33:33: /Users/ArvinYu/git/ywriter/yuyandong.github.io/asset/js/foundation/foundation.clearing.js updated
2016-04-27 22:33:33: /Users/ArvinYu/git/ywriter/yuyandong.github.io/asset/js/foundation/foundation.dropdown.js updated
2016-04-27 22:33:33: /Users/ArvinYu/git/ywriter/yuyandong.github.io/asset/js/foundation/foundation.equalizer.js updated
2016-04-27 22:33:33: /Users/ArvinYu/git/ywriter/yuyandong.github.io/asset/js/foundation/foundation.interchange.js updated
2016-04-27 22:33:33: /Users/ArvinYu/git/ywriter/yuyandong.github.io/asset/js/foundation/foundation.joyride.js updated
2016-04-27 22:33:33: /Users/ArvinYu/git/ywriter/yuyandong.github.io/asset/js/foundation/foundation.js updated
2016-04-27 22:33:33: /Users/ArvinYu/git/ywriter/yuyandong.github.io/asset/js/foundation/foundation.magellan.js updated
2016-04-27 22:33:33: /Users/ArvinYu/git/ywriter/yuyandong.github.io/asset/js/foundation/foundation.offcanvas.js updated
2016-04-27 22:33:33: /Users/ArvinYu/git/ywriter/yuyandong.github.io/asset/js/foundation/foundation.orbit.js updated
2016-04-27 22:33:33: /Users/ArvinYu/git/ywriter/yuyandong.github.io/asset/js/foundation/foundation.reveal.js updated
2016-04-27 22:33:33: /Users/ArvinYu/git/ywriter/yuyandong.github.io/asset/js/foundation/foundation.slider.js updated
2016-04-27 22:33:33: /Users/ArvinYu/git/ywriter/yuyandong.github.io/asset/js/foundation/foundation.tab.js updated
2016-04-27 22:33:33: /Users/ArvinYu/git/ywriter/yuyandong.github.io/asset/js/foundation/foundation.tooltip.js updated
2016-04-27 22:33:33: /Users/ArvinYu/git/ywriter/yuyandong.github.io/asset/js/foundation/foundation.topbar.js updated
2016-04-27 22:33:33: /Users/ArvinYu/git/ywriter/yuyandong.github.io/asset/js/vendor/fastclick.js updated
2016-04-27 22:33:33: /Users/ArvinYu/git/ywriter/yuyandong.github.io/asset/js/vendor/jquery.cookie.js updated
2016-04-27 22:33:33: /Users/ArvinYu/git/ywriter/yuyandong.github.io/asset/js/vendor/jquery.js updated
2016-04-27 22:33:33: /Users/ArvinYu/git/ywriter/yuyandong.github.io/asset/js/vendor/modernizr.js updated
2016-04-27 22:33:33: /Users/ArvinYu/git/ywriter/yuyandong.github.io/asset/js/vendor/placeholder.js updated
2016-04-27 22:33:33: /Users/ArvinYu/git/ywriter/yuyandong.github.io/media/14477677420859 updated
2016-04-27 22:33:33: /Users/ArvinYu/git/ywriter/yuyandong.github.io/media/14486029516788 updated
2016-04-27 22:33:33: /Users/ArvinYu/git/ywriter/yuyandong.github.io/media/14487770082898 updated
2016-04-27 22:33:33: /Users/ArvinYu/git/ywriter/yuyandong.github.io/media/14505840679538 updated
2016-04-27 22:33:33: /Users/ArvinYu/git/ywriter/yuyandong.github.io/media/14523378366621 updated
2016-04-27 22:33:33: /Users/ArvinYu/git/ywriter/yuyandong.github.io/media/14524239808681 updated
2016-04-27 22:33:33: /Users/ArvinYu/git/ywriter/yuyandong.github.io/media/14527795875733 updated
2016-04-27 22:33:33: /Users/ArvinYu/git/ywriter/yuyandong.github.io/media/14528325658914 updated
2016-04-27 22:33:33: /Users/ArvinYu/git/ywriter/yuyandong.github.io/media/14532972201517 updated
2016-04-27 22:33:33: /Users/ArvinYu/git/ywriter/yuyandong.github.io/media/14532974262719 updated
2016-04-27 22:33:33: /Users/ArvinYu/git/ywriter/yuyandong.github.io/media/14534699695139 updated
2016-04-27 22:33:33: /Users/ArvinYu/git/ywriter/yuyandong.github.io/media/14542542461155 updated
2016-04-27 22:33:33: /Users/ArvinYu/git/ywriter/yuyandong.github.io/media/14542959767841 updated
2016-04-27 22:33:33: /Users/ArvinYu/git/ywriter/yuyandong.github.io/media/14544071880450 updated
2016-04-27 22:33:33: /Users/ArvinYu/git/ywriter/yuyandong.github.io/media/14544127392119 updated
2016-04-27 22:33:33: /Users/ArvinYu/git/ywriter/yuyandong.github.io/media/14548332725837 updated
2016-04-27 22:33:33: /Users/ArvinYu/git/ywriter/yuyandong.github.io/media/14550703199125 updated
2016-04-27 22:33:33: /Users/ArvinYu/git/ywriter/yuyandong.github.io/media/14553325891591 updated
2016-04-27 22:33:33: /Users/ArvinYu/git/ywriter/yuyandong.github.io/media/14553496556586 updated
2016-04-27 22:33:33: /Users/ArvinYu/git/ywriter/yuyandong.github.io/media/14554505293740 updated
2016-04-27 22:33:33: /Users/ArvinYu/git/ywriter/yuyandong.github.io/media/14572293989748 updated
2016-04-27 22:33:33: /Users/ArvinYu/git/ywriter/yuyandong.github.io/media/14584798852962 updated
2016-04-27 22:33:33: /Users/ArvinYu/git/ywriter/yuyandong.github.io/media/14607321868331 updated
2016-04-27 22:33:33: /Users/ArvinYu/git/ywriter/yuyandong.github.io/media/14477677420859/IMG_0461.jpg updated
2016-04-27 22:33:33: /Users/ArvinYu/git/ywriter/yuyandong.github.io/media/14477677420859/IMG_0491.jpg updated
2016-04-27 22:33:33: /Users/ArvinYu/git/ywriter/yuyandong.github.io/media/14486029516788/14486044148070.jpg updated
2016-04-27 22:33:34: /Users/ArvinYu/git/ywriter/yuyandong.github.io/media/14486029516788/14486052684903.jpg updated
2016-04-27 22:33:34: /Users/ArvinYu/git/ywriter/yuyandong.github.io/media/14486029516788/photo-desk2.jpeg updated
2016-04-27 22:33:34: /Users/ArvinYu/git/ywriter/yuyandong.github.io/media/14487770082898/ZhiNengABC_DoublePinyinSchemas.png updated
2016-04-27 22:33:34: /Users/ArvinYu/git/ywriter/yuyandong.github.io/media/14505840679538/14522655571362.jpg updated
2016-04-27 22:33:34: /Users/ArvinYu/git/ywriter/yuyandong.github.io/media/14505840679538/14523112887242.jpg updated
2016-04-27 22:33:34: /Users/ArvinYu/git/ywriter/yuyandong.github.io/media/14505840679538/14523183752302.jpg updated
2016-04-27 22:33:34: /Users/ArvinYu/git/ywriter/yuyandong.github.io/media/14505840679538/photo-grapes.jpeg updated
2016-04-27 22:33:34: /Users/ArvinYu/git/ywriter/yuyandong.github.io/media/14523378366621/abcfbca1.jpeg updated
2016-04-27 22:33:34: /Users/ArvinYu/git/ywriter/yuyandong.github.io/media/14524239808681/14524241273006.jpg updated
2016-04-27 22:33:34: /Users/ArvinYu/git/ywriter/yuyandong.github.io/media/14524239808681/14524241526442.jpg updated
2016-04-27 22:33:34: /Users/ArvinYu/git/ywriter/yuyandong.github.io/media/14524239808681/14524252643982.jpg updated
2016-04-27 22:33:34: /Users/ArvinYu/git/ywriter/yuyandong.github.io/media/14524239808681/14524768809360.jpg updated
2016-04-27 22:33:34: /Users/ArvinYu/git/ywriter/yuyandong.github.io/media/14524239808681/photo-cub.jpeg updated
2016-04-27 22:33:34: /Users/ArvinYu/git/ywriter/yuyandong.github.io/media/14527795875733/14513820548140.jpg updated
2016-04-27 22:33:34: /Users/ArvinYu/git/ywriter/yuyandong.github.io/media/14528325658914/14542096331301.jpg updated
2016-04-27 22:33:34: /Users/ArvinYu/git/ywriter/yuyandong.github.io/media/14528325658914/14542472634476.jpg updated
2016-04-27 22:33:34: /Users/ArvinYu/git/ywriter/yuyandong.github.io/media/14528325658914/IMG_0475.jpg updated
2016-04-27 22:33:34: /Users/ArvinYu/git/ywriter/yuyandong.github.io/media/14532972201517/14535228351336.jpg updated
2016-04-27 22:33:34: /Users/ArvinYu/git/ywriter/yuyandong.github.io/media/14532972201517/14542094564824.jpg updated
2016-04-27 22:33:34: /Users/ArvinYu/git/ywriter/yuyandong.github.io/media/14532972201517/14542114978367.jpg updated
2016-04-27 22:33:34: /Users/ArvinYu/git/ywriter/yuyandong.github.io/media/14532972201517/14542130001824.jpg updated
2016-04-27 22:33:34: /Users/ArvinYu/git/ywriter/yuyandong.github.io/media/14532972201517/children-593313_960_720.jpg updated
2016-04-27 22:33:34: /Users/ArvinYu/git/ywriter/yuyandong.github.io/media/14532974262719/14542123714329.jpg updated
2016-04-27 22:33:34: /Users/ArvinYu/git/ywriter/yuyandong.github.io/media/14532974262719/14542124868960.jpg updated
2016-04-27 22:33:34: /Users/ArvinYu/git/ywriter/yuyandong.github.io/media/14532974262719/14542125241167.jpg updated
2016-04-27 22:33:34: /Users/ArvinYu/git/ywriter/yuyandong.github.io/media/14532974262719/stream-967624_960_720.jpg updated
2016-04-27 22:33:34: /Users/ArvinYu/git/ywriter/yuyandong.github.io/media/14534699695139/photo-ocean.jpeg updated
2016-04-27 22:33:34: /Users/ArvinYu/git/ywriter/yuyandong.github.io/media/14542542461155/SplitShire-0026-2.jpg updated
2016-04-27 22:33:34: /Users/ArvinYu/git/ywriter/yuyandong.github.io/media/14542959767841/tumblr_nzfevb6gBw1ted1sho1_1280.jpg updated
2016-04-27 22:33:34: /Users/ArvinYu/git/ywriter/yuyandong.github.io/media/14544071880450/IMG_3432.jpg updated
2016-04-27 22:33:34: /Users/ArvinYu/git/ywriter/yuyandong.github.io/media/14544127392119/qrcode_for_gh_2071c1a5ea94_430.jpg updated
2016-04-27 22:33:34: /Users/ArvinYu/git/ywriter/yuyandong.github.io/media/14544127392119/tumblr_nr8ofpGf2T1ted1sho1_1280.jpg updated
2016-04-27 22:33:34: /Users/ArvinYu/git/ywriter/yuyandong.github.io/media/14548332725837/picjumbo.com_IMG_7021.jpg updated
2016-04-27 22:33:34: /Users/ArvinYu/git/ywriter/yuyandong.github.io/media/14550703199125/14551552175569.jpg updated
2016-04-27 22:33:34: /Users/ArvinYu/git/ywriter/yuyandong.github.io/media/14550703199125/little-girl-running-795505_1920.jpg updated
2016-04-27 22:33:34: /Users/ArvinYu/git/ywriter/yuyandong.github.io/media/14553325891591/wine副本.jpg updated
2016-04-27 22:33:34: /Users/ArvinYu/git/ywriter/yuyandong.github.io/media/14553496556586/14553498995964.jpg updated
2016-04-27 22:33:34: /Users/ArvinYu/git/ywriter/yuyandong.github.io/media/14553496556586/14553504066840.jpg updated
2016-04-27 22:33:34: /Users/ArvinYu/git/ywriter/yuyandong.github.io/media/14553496556586/sales-growth.jpg updated
2016-04-27 22:33:34: /Users/ArvinYu/git/ywriter/yuyandong.github.io/media/14554505293740/14554505561473.jpg updated
2016-04-27 22:33:34: /Users/ArvinYu/git/ywriter/yuyandong.github.io/media/14554505293740/tumblr_nos1deAEv21ted1sho1_1280.jpg updated
2016-04-27 22:33:34: /Users/ArvinYu/git/ywriter/yuyandong.github.io/media/14572293989748/14572294177758.jpg updated
2016-04-27 22:33:34: /Users/ArvinYu/git/ywriter/yuyandong.github.io/media/14584798852962/duck-185014_960_720.jpg updated
2016-04-27 22:33:34: /Users/ArvinYu/git/ywriter/yuyandong.github.io/media/14607321868331/tumblr_nivmrjHnbf1ted1sho1_1280.jpg updated
